2020-06-10 20:29:30,291 0      [           main] INFO  ClassPathXmlApplicationContext  - Refreshing org.springframework.context.support.ClassPathXmlApplicationContext@1554909b: startup date [Wed Jun 10 20:29:30 GMT+08:00 2020]; root of context hierarchy
2020-06-10 20:29:30,368 77     [           main] INFO  ry.xml.XmlBeanDefinitionReader  - Loading XML bean definitions from class path resource [applicationConfig.xml]
2020-06-11 16:50:01,684 0      [           main] INFO  DefaultTestContextBootstrapper  - Loaded default TestExecutionListener class names from location [META-INF/spring.factories]: [org.springframework.test.context.web.ServletTestExecutionListener, org.springframework.test.context.support.DirtiesContextBeforeModesTestExecutionListener, org.springframework.test.context.support.DependencyInjectionTestExecutionListener, org.springframework.test.context.support.DirtiesContextTestExecutionListener, org.springframework.test.context.transaction.TransactionalTestExecutionListener, org.springframework.test.context.jdbc.SqlScriptsTestExecutionListener]
2020-06-11 16:50:01,792 108    [           main] INFO  DefaultTestContextBootstrapper  - Using TestExecutionListeners: [org.springframework.test.context.web.ServletTestExecutionListener@3f49dace, org.springframework.test.context.support.DirtiesContextBeforeModesTestExecutionListener@1e397ed7, org.springframework.test.context.support.DependencyInjectionTestExecutionListener@490ab905, org.springframework.test.context.support.DirtiesContextTestExecutionListener@56ac3a89, org.springframework.test.context.transaction.TransactionalTestExecutionListener@27c20538, org.springframework.test.context.jdbc.SqlScriptsTestExecutionListener@72d818d1]
2020-06-11 16:50:02,294 610    [           main] INFO  ry.xml.XmlBeanDefinitionReader  - Loading XML bean definitions from class path resource [applicationConfig.xml]
2020-06-11 16:50:02,805 1121   [           main] INFO  port.GenericApplicationContext  - Refreshing org.springframework.context.support.GenericApplicationContext@3cef309d: startup date [Thu Jun 11 16:50:02 GMT+08:00 2020]; root of context hierarchy
2020-06-11 16:50:03,312 1628   [           main] INFO         com.mchange.v2.log.MLog  - MLog clients using log4j logging.
2020-06-11 16:50:05,938 4254   [           main] INFO  m.mchange.v2.c3p0.C3P0Registry  - Initializing c3p0-0.9.1.2 [built 21-May-2007 15:04:56; debug? true; trace: 10]
2020-06-11 16:50:07,247 5563   [           main] INFO  l.AbstractPoolBackedDataSource  - Initializing c3p0 pool... com.mchange.v2.c3p0.ComboPooledDataSource [ acquireIncrement -> 3, acquireRetryAttempts -> 30, acquireRetryDelay -> 1000, autoCommitOnClose -> false, automaticTestTable -> null, breakAfterAcquireFailure -> false, checkoutTimeout -> 0, connectionCustomizerClassName -> null, connectionTesterClassName -> com.mchange.v2.c3p0.impl.DefaultConnectionTester, dataSourceName -> 1hgewoxaa193vvfo1pm1udj|198b6731, debugUnreturnedConnectionStackTraces -> false, description -> null, driverClass -> com.mysql.jdbc.Driver, factoryClassLocation -> null, forceIgnoreUnresolvedTransactions -> false, identityToken -> 1hgewoxaa193vvfo1pm1udj|198b6731, idleConnectionTestPeriod -> 0, initialPoolSize -> 3, jdbcUrl -> jdbc://localhost:3306/ssm, maxAdministrativeTaskTime -> 0, maxConnectionAge -> 0, maxIdleTime -> 0, maxIdleTimeExcessConnections -> 0, maxPoolSize -> 15, maxStatements -> 0, maxStatementsPerConnection -> 0, minPoolSize -> 3, numHelperThreads -> 3, numThreadsAwaitingCheckoutDefaultUser -> 0, preferredTestQuery -> null, properties -> {user=******, password=******}, propertyCycle -> 0, testConnectionOnCheckin -> false, testConnectionOnCheckout -> false, unreturnedConnectionTimeout -> 0, usesTraditionalReflectiveProxies -> false ]
2020-06-11 16:50:36,764 35080  [r$PoolThread-#1] WARN  resourcepool.BasicResourcePool  - com.mchange.v2.resourcepool.BasicResourcePool$AcquireTask@71a8f1a0 -- Acquisition Attempt Failed!!! Clearing pending acquires. While trying to acquire a needed new resource, we failed to succeed more than the maximum number of allowed acquisition attempts (30). Last acquisition attempt exception: 
java.sql.SQLException: No suitable driver
	at java.sql.DriverManager.getDriver(DriverManager.java:315)
	at com.mchange.v2.c3p0.DriverManagerDataSource.driver(DriverManagerDataSource.java:223)
	at com.mchange.v2.c3p0.DriverManagerDataSource.getConnection(DriverManagerDataSource.java:134)
	at com.mchange.v2.c3p0.WrapperConnectionPoolDataSource.getPooledConnection(WrapperConnectionPoolDataSource.java:182)
	at com.mchange.v2.c3p0.WrapperConnectionPoolDataSource.getPooledConnection(WrapperConnectionPoolDataSource.java:171)
	at com.mchange.v2.c3p0.impl.C3P0PooledConnectionPool$1PooledConnectionResourcePoolManager.acquireResource(C3P0PooledConnectionPool.java:137)
	at com.mchange.v2.resourcepool.BasicResourcePool.doAcquire(BasicResourcePool.java:1014)
	at com.mchange.v2.resourcepool.BasicResourcePool.access$800(BasicResourcePool.java:32)
	at com.mchange.v2.resourcepool.BasicResourcePool$AcquireTask.run(BasicResourcePool.java:1810)
	at com.mchange.v2.async.ThreadPoolAsynchronousRunner$PoolThread.run(ThreadPoolAsynchronousRunner.java:547)
2020-06-11 16:50:36,764 35080  [r$PoolThread-#2] WARN  resourcepool.BasicResourcePool  - com.mchange.v2.resourcepool.BasicResourcePool$AcquireTask@2dfce421 -- Acquisition Attempt Failed!!! Clearing pending acquires. While trying to acquire a needed new resource, we failed to succeed more than the maximum number of allowed acquisition attempts (30). Last acquisition attempt exception: 
java.sql.SQLException: No suitable driver
	at java.sql.DriverManager.getDriver(DriverManager.java:315)
	at com.mchange.v2.c3p0.DriverManagerDataSource.driver(DriverManagerDataSource.java:223)
	at com.mchange.v2.c3p0.DriverManagerDataSource.getConnection(DriverManagerDataSource.java:134)
	at com.mchange.v2.c3p0.WrapperConnectionPoolDataSource.getPooledConnection(WrapperConnectionPoolDataSource.java:182)
	at com.mchange.v2.c3p0.WrapperConnectionPoolDataSource.getPooledConnection(WrapperConnectionPoolDataSource.java:171)
	at com.mchange.v2.c3p0.impl.C3P0PooledConnectionPool$1PooledConnectionResourcePoolManager.acquireResource(C3P0PooledConnectionPool.java:137)
	at com.mchange.v2.resourcepool.BasicResourcePool.doAcquire(BasicResourcePool.java:1014)
	at com.mchange.v2.resourcepool.BasicResourcePool.access$800(BasicResourcePool.java:32)
	at com.mchange.v2.resourcepool.BasicResourcePool$AcquireTask.run(BasicResourcePool.java:1810)
	at com.mchange.v2.async.ThreadPoolAsynchronousRunner$PoolThread.run(ThreadPoolAsynchronousRunner.java:547)
2020-06-11 16:50:36,772 35088  [r$PoolThread-#0] WARN  resourcepool.BasicResourcePool  - com.mchange.v2.resourcepool.BasicResourcePool$AcquireTask@df619d3 -- Acquisition Attempt Failed!!! Clearing pending acquires. While trying to acquire a needed new resource, we failed to succeed more than the maximum number of allowed acquisition attempts (30). Last acquisition attempt exception: 
java.sql.SQLException: No suitable driver
	at java.sql.DriverManager.getDriver(DriverManager.java:315)
	at com.mchange.v2.c3p0.DriverManagerDataSource.driver(DriverManagerDataSource.java:223)
	at com.mchange.v2.c3p0.DriverManagerDataSource.getConnection(DriverManagerDataSource.java:134)
	at com.mchange.v2.c3p0.WrapperConnectionPoolDataSource.getPooledConnection(WrapperConnectionPoolDataSource.java:182)
	at com.mchange.v2.c3p0.WrapperConnectionPoolDataSource.getPooledConnection(WrapperConnectionPoolDataSource.java:171)
	at com.mchange.v2.c3p0.impl.C3P0PooledConnectionPool$1PooledConnectionResourcePoolManager.acquireResource(C3P0PooledConnectionPool.java:137)
	at com.mchange.v2.resourcepool.BasicResourcePool.doAcquire(BasicResourcePool.java:1014)
	at com.mchange.v2.resourcepool.BasicResourcePool.access$800(BasicResourcePool.java:32)
	at com.mchange.v2.resourcepool.BasicResourcePool$AcquireTask.run(BasicResourcePool.java:1810)
	at com.mchange.v2.async.ThreadPoolAsynchronousRunner$PoolThread.run(ThreadPoolAsynchronousRunner.java:547)
2020-06-11 16:50:36,858 35174  [       Thread-1] INFO  port.GenericApplicationContext  - Closing org.springframework.context.support.GenericApplicationContext@3cef309d: startup date [Thu Jun 11 16:50:02 GMT+08:00 2020]; root of context hierarchy
2020-06-11 16:52:35,788 0      [           main] INFO  DefaultTestContextBootstrapper  - Loaded default TestExecutionListener class names from location [META-INF/spring.factories]: [org.springframework.test.context.web.ServletTestExecutionListener, org.springframework.test.context.support.DirtiesContextBeforeModesTestExecutionListener, org.springframework.test.context.support.DependencyInjectionTestExecutionListener, org.springframework.test.context.support.DirtiesContextTestExecutionListener, org.springframework.test.context.transaction.TransactionalTestExecutionListener, org.springframework.test.context.jdbc.SqlScriptsTestExecutionListener]
2020-06-11 16:52:35,809 21     [           main] INFO  DefaultTestContextBootstrapper  - Using TestExecutionListeners: [org.springframework.test.context.web.ServletTestExecutionListener@3f49dace, org.springframework.test.context.support.DirtiesContextBeforeModesTestExecutionListener@1e397ed7, org.springframework.test.context.support.DependencyInjectionTestExecutionListener@490ab905, org.springframework.test.context.support.DirtiesContextTestExecutionListener@56ac3a89, org.springframework.test.context.transaction.TransactionalTestExecutionListener@27c20538, org.springframework.test.context.jdbc.SqlScriptsTestExecutionListener@72d818d1]
2020-06-11 16:52:35,975 187    [           main] INFO  ry.xml.XmlBeanDefinitionReader  - Loading XML bean definitions from class path resource [applicationConfig.xml]
2020-06-11 16:52:36,236 448    [           main] INFO  port.GenericApplicationContext  - Refreshing org.springframework.context.support.GenericApplicationContext@3cef309d: startup date [Thu Jun 11 16:52:36 GMT+08:00 2020]; root of context hierarchy
2020-06-11 16:52:36,738 950    [           main] INFO         com.mchange.v2.log.MLog  - MLog clients using log4j logging.
2020-06-11 16:52:39,978 4190   [           main] INFO  m.mchange.v2.c3p0.C3P0Registry  - Initializing c3p0-0.9.1.2 [built 21-May-2007 15:04:56; debug? true; trace: 10]
2020-06-11 16:52:40,308 4520   [           main] INFO  l.AbstractPoolBackedDataSource  - Initializing c3p0 pool... com.mchange.v2.c3p0.ComboPooledDataSource [ acquireIncrement -> 3, acquireRetryAttempts -> 30, acquireRetryDelay -> 1000, autoCommitOnClose -> false, automaticTestTable -> null, breakAfterAcquireFailure -> false, checkoutTimeout -> 0, connectionCustomizerClassName -> null, connectionTesterClassName -> com.mchange.v2.c3p0.impl.DefaultConnectionTester, dataSourceName -> 1hgewoxaa193z5tto8ht6a|198b6731, debugUnreturnedConnectionStackTraces -> false, description -> null, driverClass -> com.mysql.jdbc.Driver, factoryClassLocation -> null, forceIgnoreUnresolvedTransactions -> false, identityToken -> 1hgewoxaa193z5tto8ht6a|198b6731, idleConnectionTestPeriod -> 0, initialPoolSize -> 3, jdbcUrl -> jdbc:mysql://localhost:3306/ssm, maxAdministrativeTaskTime -> 0, maxConnectionAge -> 0, maxIdleTime -> 0, maxIdleTimeExcessConnections -> 0, maxPoolSize -> 15, maxStatements -> 0, maxStatementsPerConnection -> 0, minPoolSize -> 3, numHelperThreads -> 3, numThreadsAwaitingCheckoutDefaultUser -> 0, preferredTestQuery -> null, properties -> {user=******, password=******}, propertyCycle -> 0, testConnectionOnCheckin -> false, testConnectionOnCheckout -> false, unreturnedConnectionTimeout -> 0, usesTraditionalReflectiveProxies -> false ]
2020-06-11 16:52:43,561 7773   [       Thread-1] INFO  port.GenericApplicationContext  - Closing org.springframework.context.support.GenericApplicationContext@3cef309d: startup date [Thu Jun 11 16:52:36 GMT+08:00 2020]; root of context hierarchy
2020-06-11 16:54:23,653 0      [           main] INFO  DefaultTestContextBootstrapper  - Loaded default TestExecutionListener class names from location [META-INF/spring.factories]: [org.springframework.test.context.web.ServletTestExecutionListener, org.springframework.test.context.support.DirtiesContextBeforeModesTestExecutionListener, org.springframework.test.context.support.DependencyInjectionTestExecutionListener, org.springframework.test.context.support.DirtiesContextTestExecutionListener, org.springframework.test.context.transaction.TransactionalTestExecutionListener, org.springframework.test.context.jdbc.SqlScriptsTestExecutionListener]
2020-06-11 16:54:23,672 19     [           main] INFO  DefaultTestContextBootstrapper  - Using TestExecutionListeners: [org.springframework.test.context.web.ServletTestExecutionListener@3f49dace, org.springframework.test.context.support.DirtiesContextBeforeModesTestExecutionListener@1e397ed7, org.springframework.test.context.support.DependencyInjectionTestExecutionListener@490ab905, org.springframework.test.context.support.DirtiesContextTestExecutionListener@56ac3a89, org.springframework.test.context.transaction.TransactionalTestExecutionListener@27c20538, org.springframework.test.context.jdbc.SqlScriptsTestExecutionListener@72d818d1]
2020-06-11 16:54:23,794 141    [           main] INFO  ry.xml.XmlBeanDefinitionReader  - Loading XML bean definitions from class path resource [applicationConfig.xml]
2020-06-11 16:54:24,117 464    [           main] INFO  port.GenericApplicationContext  - Refreshing org.springframework.context.support.GenericApplicationContext@3cef309d: startup date [Thu Jun 11 16:54:24 GMT+08:00 2020]; root of context hierarchy
2020-06-11 16:54:24,418 765    [           main] INFO         com.mchange.v2.log.MLog  - MLog clients using log4j logging.
2020-06-11 16:54:27,118 3465   [           main] INFO  m.mchange.v2.c3p0.C3P0Registry  - Initializing c3p0-0.9.1.2 [built 21-May-2007 15:04:56; debug? true; trace: 10]
2020-06-11 16:54:27,748 4095   [           main] INFO  l.AbstractPoolBackedDataSource  - Initializing c3p0 pool... com.mchange.v2.c3p0.ComboPooledDataSource [ acquireIncrement -> 3, acquireRetryAttempts -> 30, acquireRetryDelay -> 1000, autoCommitOnClose -> false, automaticTestTable -> null, breakAfterAcquireFailure -> false, checkoutTimeout -> 0, connectionCustomizerClassName -> null, connectionTesterClassName -> com.mchange.v2.c3p0.impl.DefaultConnectionTester, dataSourceName -> 1hgewoxaa1941gwdc4jarp|198b6731, debugUnreturnedConnectionStackTraces -> false, description -> null, driverClass -> com.mysql.jdbc.Driver, factoryClassLocation -> null, forceIgnoreUnresolvedTransactions -> false, identityToken -> 1hgewoxaa1941gwdc4jarp|198b6731, idleConnectionTestPeriod -> 0, initialPoolSize -> 3, jdbcUrl -> jdbc:mysql://localhost:3306/ssm, maxAdministrativeTaskTime -> 0, maxConnectionAge -> 0, maxIdleTime -> 0, maxIdleTimeExcessConnections -> 0, maxPoolSize -> 15, maxStatements -> 0, maxStatementsPerConnection -> 0, minPoolSize -> 3, numHelperThreads -> 3, numThreadsAwaitingCheckoutDefaultUser -> 0, preferredTestQuery -> null, properties -> {user=******, password=******}, propertyCycle -> 0, testConnectionOnCheckin -> false, testConnectionOnCheckout -> false, unreturnedConnectionTimeout -> 0, usesTraditionalReflectiveProxies -> false ]
2020-06-11 16:54:30,636 6983   [       Thread-1] INFO  port.GenericApplicationContext  - Closing org.springframework.context.support.GenericApplicationContext@3cef309d: startup date [Thu Jun 11 16:54:24 GMT+08:00 2020]; root of context hierarchy
2020-06-11 16:57:11,410 0      [           main] INFO  DefaultTestContextBootstrapper  - Loaded default TestExecutionListener class names from location [META-INF/spring.factories]: [org.springframework.test.context.web.ServletTestExecutionListener, org.springframework.test.context.support.DirtiesContextBeforeModesTestExecutionListener, org.springframework.test.context.support.DependencyInjectionTestExecutionListener, org.springframework.test.context.support.DirtiesContextTestExecutionListener, org.springframework.test.context.transaction.TransactionalTestExecutionListener, org.springframework.test.context.jdbc.SqlScriptsTestExecutionListener]
2020-06-11 16:57:11,438 28     [           main] INFO  DefaultTestContextBootstrapper  - Using TestExecutionListeners: [org.springframework.test.context.web.ServletTestExecutionListener@490ab905, org.springframework.test.context.support.DirtiesContextBeforeModesTestExecutionListener@56ac3a89, org.springframework.test.context.support.DependencyInjectionTestExecutionListener@27c20538, org.springframework.test.context.support.DirtiesContextTestExecutionListener@72d818d1, org.springframework.test.context.transaction.TransactionalTestExecutionListener@6e06451e, org.springframework.test.context.jdbc.SqlScriptsTestExecutionListener@59494225]
2020-06-11 16:57:11,618 208    [           main] INFO  ry.xml.XmlBeanDefinitionReader  - Loading XML bean definitions from class path resource [applicationConfig.xml]
2020-06-11 16:57:11,958 548    [           main] INFO  port.GenericApplicationContext  - Refreshing org.springframework.context.support.GenericApplicationContext@3d99d22e: startup date [Thu Jun 11 16:57:11 GMT+08:00 2020]; root of context hierarchy
2020-06-11 16:57:12,720 1310   [           main] INFO  aba.druid.pool.DruidDataSource  - {dataSource-1} inited
2020-06-11 16:57:17,158 5748   [       Thread-0] INFO  port.GenericApplicationContext  - Closing org.springframework.context.support.GenericApplicationContext@3d99d22e: startup date [Thu Jun 11 16:57:11 GMT+08:00 2020]; root of context hierarchy
2020-06-11 16:57:17,160 5750   [       Thread-0] INFO  aba.druid.pool.DruidDataSource  - {dataSource-1} closing ...
2020-06-11 16:57:17,163 5753   [       Thread-0] INFO  aba.druid.pool.DruidDataSource  - {dataSource-1} closed
2020-06-11 17:34:54,430 0      [           main] INFO  DefaultTestContextBootstrapper  - Loaded default TestExecutionListener class names from location [META-INF/spring.factories]: [org.springframework.test.context.web.ServletTestExecutionListener, org.springframework.test.context.support.DirtiesContextBeforeModesTestExecutionListener, org.springframework.test.context.support.DependencyInjectionTestExecutionListener, org.springframework.test.context.support.DirtiesContextTestExecutionListener, org.springframework.test.context.transaction.TransactionalTestExecutionListener, org.springframework.test.context.jdbc.SqlScriptsTestExecutionListener]
2020-06-11 17:34:54,462 32     [           main] INFO  DefaultTestContextBootstrapper  - Using TestExecutionListeners: [org.springframework.test.context.web.ServletTestExecutionListener@490ab905, org.springframework.test.context.support.DirtiesContextBeforeModesTestExecutionListener@56ac3a89, org.springframework.test.context.support.DependencyInjectionTestExecutionListener@27c20538, org.springframework.test.context.support.DirtiesContextTestExecutionListener@72d818d1, org.springframework.test.context.transaction.TransactionalTestExecutionListener@6e06451e, org.springframework.test.context.jdbc.SqlScriptsTestExecutionListener@59494225]
2020-06-11 17:34:54,553 123    [           main] INFO  ry.xml.XmlBeanDefinitionReader  - Loading XML bean definitions from class path resource [applicationConfig.xml]
2020-06-11 17:34:54,970 540    [           main] INFO  port.GenericApplicationContext  - Refreshing org.springframework.context.support.GenericApplicationContext@3d99d22e: startup date [Thu Jun 11 17:34:54 GMT+08:00 2020]; root of context hierarchy
2020-06-11 17:34:56,658 2228   [           main] INFO  aba.druid.pool.DruidDataSource  - {dataSource-1} inited
2020-06-11 17:35:01,204 6774   [       Thread-1] INFO  port.GenericApplicationContext  - Closing org.springframework.context.support.GenericApplicationContext@3d99d22e: startup date [Thu Jun 11 17:34:54 GMT+08:00 2020]; root of context hierarchy
2020-06-11 17:35:01,208 6778   [       Thread-1] INFO  aba.druid.pool.DruidDataSource  - {dataSource-1} closing ...
2020-06-11 17:35:01,226 6796   [       Thread-1] INFO  aba.druid.pool.DruidDataSource  - {dataSource-1} closed
2020-06-11 17:36:06,143 0      [           main] INFO  DefaultTestContextBootstrapper  - Loaded default TestExecutionListener class names from location [META-INF/spring.factories]: [org.springframework.test.context.web.ServletTestExecutionListener, org.springframework.test.context.support.DirtiesContextBeforeModesTestExecutionListener, org.springframework.test.context.support.DependencyInjectionTestExecutionListener, org.springframework.test.context.support.DirtiesContextTestExecutionListener, org.springframework.test.context.transaction.TransactionalTestExecutionListener, org.springframework.test.context.jdbc.SqlScriptsTestExecutionListener]
2020-06-11 17:36:06,169 26     [           main] INFO  DefaultTestContextBootstrapper  - Using TestExecutionListeners: [org.springframework.test.context.web.ServletTestExecutionListener@490ab905, org.springframework.test.context.support.DirtiesContextBeforeModesTestExecutionListener@56ac3a89, org.springframework.test.context.support.DependencyInjectionTestExecutionListener@27c20538, org.springframework.test.context.support.DirtiesContextTestExecutionListener@72d818d1, org.springframework.test.context.transaction.TransactionalTestExecutionListener@6e06451e, org.springframework.test.context.jdbc.SqlScriptsTestExecutionListener@59494225]
2020-06-11 17:36:06,310 167    [           main] INFO  ry.xml.XmlBeanDefinitionReader  - Loading XML bean definitions from class path resource [applicationConfig.xml]
2020-06-11 17:36:06,656 513    [           main] INFO  port.GenericApplicationContext  - Refreshing org.springframework.context.support.GenericApplicationContext@3d99d22e: startup date [Thu Jun 11 17:36:06 GMT+08:00 2020]; root of context hierarchy
2020-06-11 17:36:07,939 1796   [           main] INFO  aba.druid.pool.DruidDataSource  - {dataSource-1} inited
2020-06-11 17:36:13,013 6870   [       Thread-1] INFO  port.GenericApplicationContext  - Closing org.springframework.context.support.GenericApplicationContext@3d99d22e: startup date [Thu Jun 11 17:36:06 GMT+08:00 2020]; root of context hierarchy
2020-06-11 17:36:13,014 6871   [       Thread-1] INFO  aba.druid.pool.DruidDataSource  - {dataSource-1} closing ...
2020-06-11 17:36:13,022 6879   [       Thread-1] INFO  aba.druid.pool.DruidDataSource  - {dataSource-1} closed
2020-06-11 17:47:29,749 0      [           main] INFO  DefaultTestContextBootstrapper  - Loaded default TestExecutionListener class names from location [META-INF/spring.factories]: [org.springframework.test.context.web.ServletTestExecutionListener, org.springframework.test.context.support.DirtiesContextBeforeModesTestExecutionListener, org.springframework.test.context.support.DependencyInjectionTestExecutionListener, org.springframework.test.context.support.DirtiesContextTestExecutionListener, org.springframework.test.context.transaction.TransactionalTestExecutionListener, org.springframework.test.context.jdbc.SqlScriptsTestExecutionListener]
2020-06-11 17:47:29,782 33     [           main] INFO  DefaultTestContextBootstrapper  - Using TestExecutionListeners: [org.springframework.test.context.web.ServletTestExecutionListener@490ab905, org.springframework.test.context.support.DirtiesContextBeforeModesTestExecutionListener@56ac3a89, org.springframework.test.context.support.DependencyInjectionTestExecutionListener@27c20538, org.springframework.test.context.support.DirtiesContextTestExecutionListener@72d818d1, org.springframework.test.context.transaction.TransactionalTestExecutionListener@6e06451e, org.springframework.test.context.jdbc.SqlScriptsTestExecutionListener@59494225]
2020-06-11 17:47:29,924 175    [           main] INFO  ry.xml.XmlBeanDefinitionReader  - Loading XML bean definitions from class path resource [applicationConfig.xml]
2020-06-11 17:47:30,196 447    [           main] INFO  port.GenericApplicationContext  - Refreshing org.springframework.context.support.GenericApplicationContext@3d99d22e: startup date [Thu Jun 11 17:47:30 GMT+08:00 2020]; root of context hierarchy
2020-06-11 17:47:31,499 1750   [           main] INFO  aba.druid.pool.DruidDataSource  - {dataSource-1} inited
2020-06-11 17:47:35,397 5648   [       Thread-1] INFO  port.GenericApplicationContext  - Closing org.springframework.context.support.GenericApplicationContext@3d99d22e: startup date [Thu Jun 11 17:47:30 GMT+08:00 2020]; root of context hierarchy
2020-06-11 17:47:35,399 5650   [       Thread-1] INFO  aba.druid.pool.DruidDataSource  - {dataSource-1} closing ...
2020-06-11 17:47:35,402 5653   [       Thread-1] INFO  aba.druid.pool.DruidDataSource  - {dataSource-1} closed
2020-06-11 17:49:03,630 0      [           main] INFO  DefaultTestContextBootstrapper  - Loaded default TestExecutionListener class names from location [META-INF/spring.factories]: [org.springframework.test.context.web.ServletTestExecutionListener, org.springframework.test.context.support.DirtiesContextBeforeModesTestExecutionListener, org.springframework.test.context.support.DependencyInjectionTestExecutionListener, org.springframework.test.context.support.DirtiesContextTestExecutionListener, org.springframework.test.context.transaction.TransactionalTestExecutionListener, org.springframework.test.context.jdbc.SqlScriptsTestExecutionListener]
2020-06-11 17:49:03,660 30     [           main] INFO  DefaultTestContextBootstrapper  - Using TestExecutionListeners: [org.springframework.test.context.web.ServletTestExecutionListener@490ab905, org.springframework.test.context.support.DirtiesContextBeforeModesTestExecutionListener@56ac3a89, org.springframework.test.context.support.DependencyInjectionTestExecutionListener@27c20538, org.springframework.test.context.support.DirtiesContextTestExecutionListener@72d818d1, org.springframework.test.context.transaction.TransactionalTestExecutionListener@6e06451e, org.springframework.test.context.jdbc.SqlScriptsTestExecutionListener@59494225]
2020-06-11 17:49:03,779 149    [           main] INFO  ry.xml.XmlBeanDefinitionReader  - Loading XML bean definitions from class path resource [applicationConfig.xml]
2020-06-11 17:49:04,251 621    [           main] INFO  port.GenericApplicationContext  - Refreshing org.springframework.context.support.GenericApplicationContext@3d99d22e: startup date [Thu Jun 11 17:49:04 GMT+08:00 2020]; root of context hierarchy
2020-06-11 17:49:06,140 2510   [           main] INFO  aba.druid.pool.DruidDataSource  - {dataSource-1} inited
2020-06-11 17:49:11,836 8206   [       Thread-1] INFO  port.GenericApplicationContext  - Closing org.springframework.context.support.GenericApplicationContext@3d99d22e: startup date [Thu Jun 11 17:49:04 GMT+08:00 2020]; root of context hierarchy
2020-06-11 17:49:11,839 8209   [       Thread-1] INFO  aba.druid.pool.DruidDataSource  - {dataSource-1} closing ...
2020-06-11 17:49:11,843 8213   [       Thread-1] INFO  aba.druid.pool.DruidDataSource  - {dataSource-1} closed
2020-06-11 17:51:00,036 0      [           main] INFO  DefaultTestContextBootstrapper  - Loaded default TestExecutionListener class names from location [META-INF/spring.factories]: [org.springframework.test.context.web.ServletTestExecutionListener, org.springframework.test.context.support.DirtiesContextBeforeModesTestExecutionListener, org.springframework.test.context.support.DependencyInjectionTestExecutionListener, org.springframework.test.context.support.DirtiesContextTestExecutionListener, org.springframework.test.context.transaction.TransactionalTestExecutionListener, org.springframework.test.context.jdbc.SqlScriptsTestExecutionListener]
2020-06-11 17:51:00,074 38     [           main] INFO  DefaultTestContextBootstrapper  - Using TestExecutionListeners: [org.springframework.test.context.web.ServletTestExecutionListener@56ac3a89, org.springframework.test.context.support.DirtiesContextBeforeModesTestExecutionListener@27c20538, org.springframework.test.context.support.DependencyInjectionTestExecutionListener@72d818d1, org.springframework.test.context.support.DirtiesContextTestExecutionListener@6e06451e, org.springframework.test.context.transaction.TransactionalTestExecutionListener@59494225, org.springframework.test.context.jdbc.SqlScriptsTestExecutionListener@6e1567f1]
2020-06-11 17:51:00,231 195    [           main] INFO  ry.xml.XmlBeanDefinitionReader  - Loading XML bean definitions from class path resource [applicationConfig.xml]
2020-06-11 17:51:00,667 631    [           main] INFO  port.GenericApplicationContext  - Refreshing org.springframework.context.support.GenericApplicationContext@49fc609f: startup date [Thu Jun 11 17:51:00 GMT+08:00 2020]; root of context hierarchy
2020-06-11 17:51:02,560 2524   [           main] INFO  aba.druid.pool.DruidDataSource  - {dataSource-1} inited
2020-06-11 17:51:07,948 7912   [       Thread-1] INFO  port.GenericApplicationContext  - Closing org.springframework.context.support.GenericApplicationContext@49fc609f: startup date [Thu Jun 11 17:51:00 GMT+08:00 2020]; root of context hierarchy
2020-06-11 17:51:07,949 7913   [       Thread-1] INFO  aba.druid.pool.DruidDataSource  - {dataSource-1} closing ...
2020-06-11 17:51:07,956 7920   [       Thread-1] INFO  aba.druid.pool.DruidDataSource  - {dataSource-1} closed
2020-06-11 17:53:04,114 0      [           main] INFO  DefaultTestContextBootstrapper  - Loaded default TestExecutionListener class names from location [META-INF/spring.factories]: [org.springframework.test.context.web.ServletTestExecutionListener, org.springframework.test.context.support.DirtiesContextBeforeModesTestExecutionListener, org.springframework.test.context.support.DependencyInjectionTestExecutionListener, org.springframework.test.context.support.DirtiesContextTestExecutionListener, org.springframework.test.context.transaction.TransactionalTestExecutionListener, org.springframework.test.context.jdbc.SqlScriptsTestExecutionListener]
2020-06-11 17:53:04,149 35     [           main] INFO  DefaultTestContextBootstrapper  - Using TestExecutionListeners: [org.springframework.test.context.web.ServletTestExecutionListener@56ac3a89, org.springframework.test.context.support.DirtiesContextBeforeModesTestExecutionListener@27c20538, org.springframework.test.context.support.DependencyInjectionTestExecutionListener@72d818d1, org.springframework.test.context.support.DirtiesContextTestExecutionListener@6e06451e, org.springframework.test.context.transaction.TransactionalTestExecutionListener@59494225, org.springframework.test.context.jdbc.SqlScriptsTestExecutionListener@6e1567f1]
2020-06-11 17:53:04,257 143    [           main] INFO  ry.xml.XmlBeanDefinitionReader  - Loading XML bean definitions from class path resource [applicationConfig.xml]
2020-06-11 17:53:04,733 619    [           main] INFO  port.GenericApplicationContext  - Refreshing org.springframework.context.support.GenericApplicationContext@49fc609f: startup date [Thu Jun 11 17:53:04 GMT+08:00 2020]; root of context hierarchy
2020-06-11 17:53:06,577 2463   [           main] INFO  aba.druid.pool.DruidDataSource  - {dataSource-1} inited
2020-06-11 17:53:12,035 7921   [       Thread-1] INFO  port.GenericApplicationContext  - Closing org.springframework.context.support.GenericApplicationContext@49fc609f: startup date [Thu Jun 11 17:53:04 GMT+08:00 2020]; root of context hierarchy
2020-06-11 17:53:12,037 7923   [       Thread-1] INFO  aba.druid.pool.DruidDataSource  - {dataSource-1} closing ...
2020-06-11 17:53:12,040 7926   [       Thread-1] INFO  aba.druid.pool.DruidDataSource  - {dataSource-1} closed
2020-06-11 17:53:47,811 0      [           main] INFO  DefaultTestContextBootstrapper  - Loaded default TestExecutionListener class names from location [META-INF/spring.factories]: [org.springframework.test.context.web.ServletTestExecutionListener, org.springframework.test.context.support.DirtiesContextBeforeModesTestExecutionListener, org.springframework.test.context.support.DependencyInjectionTestExecutionListener, org.springframework.test.context.support.DirtiesContextTestExecutionListener, org.springframework.test.context.transaction.TransactionalTestExecutionListener, org.springframework.test.context.jdbc.SqlScriptsTestExecutionListener]
2020-06-11 17:53:47,841 30     [           main] INFO  DefaultTestContextBootstrapper  - Using TestExecutionListeners: [org.springframework.test.context.web.ServletTestExecutionListener@56ac3a89, org.springframework.test.context.support.DirtiesContextBeforeModesTestExecutionListener@27c20538, org.springframework.test.context.support.DependencyInjectionTestExecutionListener@72d818d1, org.springframework.test.context.support.DirtiesContextTestExecutionListener@6e06451e, org.springframework.test.context.transaction.TransactionalTestExecutionListener@59494225, org.springframework.test.context.jdbc.SqlScriptsTestExecutionListener@6e1567f1]
2020-06-11 17:53:47,988 177    [           main] INFO  ry.xml.XmlBeanDefinitionReader  - Loading XML bean definitions from class path resource [applicationConfig.xml]
2020-06-11 17:53:48,449 638    [           main] INFO  port.GenericApplicationContext  - Refreshing org.springframework.context.support.GenericApplicationContext@49fc609f: startup date [Thu Jun 11 17:53:48 GMT+08:00 2020]; root of context hierarchy
2020-06-11 17:53:50,622 2811   [           main] INFO  aba.druid.pool.DruidDataSource  - {dataSource-1} inited
2020-06-11 17:53:56,208 8397   [       Thread-1] INFO  port.GenericApplicationContext  - Closing org.springframework.context.support.GenericApplicationContext@49fc609f: startup date [Thu Jun 11 17:53:48 GMT+08:00 2020]; root of context hierarchy
2020-06-11 17:53:56,213 8402   [       Thread-1] INFO  aba.druid.pool.DruidDataSource  - {dataSource-1} closing ...
2020-06-11 17:53:56,216 8405   [       Thread-1] INFO  aba.druid.pool.DruidDataSource  - {dataSource-1} closed
2020-06-11 17:56:45,577 0      [           main] INFO  DefaultTestContextBootstrapper  - Loaded default TestExecutionListener class names from location [META-INF/spring.factories]: [org.springframework.test.context.web.ServletTestExecutionListener, org.springframework.test.context.support.DirtiesContextBeforeModesTestExecutionListener, org.springframework.test.context.support.DependencyInjectionTestExecutionListener, org.springframework.test.context.support.DirtiesContextTestExecutionListener, org.springframework.test.context.transaction.TransactionalTestExecutionListener, org.springframework.test.context.jdbc.SqlScriptsTestExecutionListener]
2020-06-11 17:56:45,601 24     [           main] INFO  DefaultTestContextBootstrapper  - Using TestExecutionListeners: [org.springframework.test.context.web.ServletTestExecutionListener@56ac3a89, org.springframework.test.context.support.DirtiesContextBeforeModesTestExecutionListener@27c20538, org.springframework.test.context.support.DependencyInjectionTestExecutionListener@72d818d1, org.springframework.test.context.support.DirtiesContextTestExecutionListener@6e06451e, org.springframework.test.context.transaction.TransactionalTestExecutionListener@59494225, org.springframework.test.context.jdbc.SqlScriptsTestExecutionListener@6e1567f1]
2020-06-11 17:56:45,697 120    [           main] INFO  ry.xml.XmlBeanDefinitionReader  - Loading XML bean definitions from class path resource [applicationConfig.xml]
2020-06-11 17:56:45,988 411    [           main] INFO  port.GenericApplicationContext  - Refreshing org.springframework.context.support.GenericApplicationContext@49fc609f: startup date [Thu Jun 11 17:56:45 GMT+08:00 2020]; root of context hierarchy
2020-06-11 17:56:47,087 1510   [           main] INFO  aba.druid.pool.DruidDataSource  - {dataSource-1} inited
2020-06-11 17:56:51,511 5934   [       Thread-1] INFO  port.GenericApplicationContext  - Closing org.springframework.context.support.GenericApplicationContext@49fc609f: startup date [Thu Jun 11 17:56:45 GMT+08:00 2020]; root of context hierarchy
2020-06-11 17:56:51,514 5937   [       Thread-1] INFO  aba.druid.pool.DruidDataSource  - {dataSource-1} closing ...
2020-06-11 17:56:51,523 5946   [       Thread-1] INFO  aba.druid.pool.DruidDataSource  - {dataSource-1} closed
2020-06-11 18:15:34,415 0      [           main] INFO  DefaultTestContextBootstrapper  - Loaded default TestExecutionListener class names from location [META-INF/spring.factories]: [org.springframework.test.context.web.ServletTestExecutionListener, org.springframework.test.context.support.DirtiesContextBeforeModesTestExecutionListener, org.springframework.test.context.support.DependencyInjectionTestExecutionListener, org.springframework.test.context.support.DirtiesContextTestExecutionListener, org.springframework.test.context.transaction.TransactionalTestExecutionListener, org.springframework.test.context.jdbc.SqlScriptsTestExecutionListener]
2020-06-11 18:15:34,436 21     [           main] INFO  DefaultTestContextBootstrapper  - Using TestExecutionListeners: [org.springframework.test.context.web.ServletTestExecutionListener@56ac3a89, org.springframework.test.context.support.DirtiesContextBeforeModesTestExecutionListener@27c20538, org.springframework.test.context.support.DependencyInjectionTestExecutionListener@72d818d1, org.springframework.test.context.support.DirtiesContextTestExecutionListener@6e06451e, org.springframework.test.context.transaction.TransactionalTestExecutionListener@59494225, org.springframework.test.context.jdbc.SqlScriptsTestExecutionListener@6e1567f1]
2020-06-11 18:15:34,539 124    [           main] INFO  ry.xml.XmlBeanDefinitionReader  - Loading XML bean definitions from class path resource [applicationConfig.xml]
2020-06-11 18:15:34,899 484    [           main] INFO  port.GenericApplicationContext  - Refreshing org.springframework.context.support.GenericApplicationContext@49fc609f: startup date [Thu Jun 11 18:15:34 GMT+08:00 2020]; root of context hierarchy
2020-06-11 18:15:36,332 1917   [           main] INFO  aba.druid.pool.DruidDataSource  - {dataSource-1} inited
2020-06-11 18:15:40,674 6259   [       Thread-1] INFO  port.GenericApplicationContext  - Closing org.springframework.context.support.GenericApplicationContext@49fc609f: startup date [Thu Jun 11 18:15:34 GMT+08:00 2020]; root of context hierarchy
2020-06-11 18:15:40,675 6260   [       Thread-1] INFO  aba.druid.pool.DruidDataSource  - {dataSource-1} closing ...
2020-06-11 18:15:40,678 6263   [       Thread-1] INFO  aba.druid.pool.DruidDataSource  - {dataSource-1} closed
